npm warn exec The following package was not found and will be installed: ts-node@10.9.2
/Users/sawai/.npm/_npx/1bf7c3c15bf47d04/node_modules/ts-node/src/index.ts:859
    return new TSError(diagnosticText, diagnosticCodes, diagnostics);
           ^
TSError: тип Unable to compile TypeScript:
src/index.ts(1,20): error TS2307: Cannot find module 'dotenv' or its corresponding type declarations.
src/index.ts(2,18): error TS2307: Cannot find module 'path' or its corresponding type declarations.
src/index.ts(5,36): error TS2304: Cannot find name '__dirname'.
src/index.ts(10,37): error TS2304: Cannot find name '__dirname'.
src/index.ts(11,20): error TS2580: Cannot find name 'require'. Do you need to install type definitions for node? Try `npm i --save-dev @types/node`.
src/index.ts(14,1): error TS2580: Cannot find name 'process'. Do you need to install type definitions for node? Try `npm i --save-dev @types/node`.
src/index.ts(16,3): error TS2580: Cannot find name 'process'. Do you need to install type definitions for node? Try `npm i --save-dev @types/node`.
src/index.ts(20,1): error TS2580: Cannot find name 'process'. Do you need to install type definitions for node? Try `npm i --save-dev @types/node`.
src/index.ts(22,3): error TS2580: Cannot find name 'process'. Do you need to install type definitions for node? Try `npm i --save-dev @types/node`.
src/index.ts(30,17): error TS2580: Cannot find name 'process'. Do you need to install type definitions for node? Try `npm i --save-dev @types/node`.
src/index.ts(31,20): error TS2580: Cannot find name 'process'. Do you need to install type definitions for node? Try `npm i --save-dev @types/node`.
src/index.ts(32,21): error TS2580: Cannot find name 'process'. Do you need to install type definitions for node? Try `npm i --save-dev @types/node`.
src/index.ts(33,21): error TS2580: Cannot find name 'process'. Do you need to install type definitions for node? Try `npm i --save-dev @types/node`.
src/index.ts(34,24): error TS2580: Cannot find name 'process'. Do you need to install type definitions for node? Try `npm i --save-dev @types/node`.
src/index.ts(38,19): error TS2339: Property 'start' does not exist on type 'AIMonitorService'.
src/index.ts(45,5): error TS2580: Cannot find name 'process'. Do you need to install type definitions for node? Try `npm i --save-dev @types/node`.

    at createTSError (/Users/sawai/.npm/_npx/1bf7c3c15bf47d04/node_modules/ts-node/src/index.ts:859:12)
    at reportTSError (/Users/sawai/.npm/_npx/1bf7c3c15bf47d04/node_modules/ts-node/src/index.ts:863:19)
    at getOutput (/Users/sawai/.npm/_npx/1bf7c3c15bf47d04/node_modules/ts-node/src/index.ts:1077:36)
    at Object.compile (/Users/sawai/.npm/_npx/1bf7c3c15bf47d04/node_modules/ts-node/src/index.ts:1433:41)
    at Module.m._compile (/Users/sawai/.npm/_npx/1bf7c3c15bf47d04/node_modules/ts-node/src/index.ts:1617:30)
    at node:internal/modules/cjs/loader:1895:10
    at Object.require.extensions.<computed> [as .ts] (/Users/sawai/.npm/_npx/1bf7c3c15bf47d04/node_modules/ts-node/src/index.ts:1621:12)
    at Module.load (node:internal/modules/cjs/loader:1465:32)
    at Function._load (node:internal/modules/cjs/loader:1282:12)
    at TracingChannel.traceSync (node:diagnostics_channel:322:14) {
  diagnosticCodes: [
    2307, 2307, 2304, 2304,
    2580, 2580, 2580, 2580,
    2580, 2580, 2580, 2580,
    2580, 2580, 2339, 2580
  ]
}
